<?xml version="1.0" encoding="UTF-8"?>
<robot generator="Robot 7.2.2 (Python 3.13.1 on win32)" generated="2025-05-19T15:22:32.873568" rpa="false" schemaversion="5">
<suite id="s1" name="PythonProject3" source="C:\Users\PragyaSharma\PycharmProjects\PythonProject3">
<suite id="s1-s1" name="Tests" source="C:\Users\PragyaSharma\PycharmProjects\PythonProject3\Tests">
<suite id="s1-s1-s1" name="TC2" source="C:\Users\PragyaSharma\PycharmProjects\PythonProject3\Tests\TC2.robot">
<test id="s1-s1-s1-t1" name="This is SauceLab Invalid username test case" line="11">
<kw name="Open Browser" owner="SeleniumLibrary">
<msg time="2025-05-19T15:22:33.292377" level="INFO">Opening browser 'Chrome' to base url 'https://www.saucedemo.com/'.</msg>
<arg>https://www.saucedemo.com/</arg>
<arg>Chrome</arg>
<doc>Opens a new browser instance to the optional ``url``.</doc>
<status status="PASS" start="2025-05-19T15:22:33.292111" elapsed="4.248276"/>
</kw>
<kw name="Input Text" owner="SeleniumLibrary">
<msg time="2025-05-19T15:22:37.541275" level="INFO">Typing text 'Pragya' into text field '//*[@id="user-name"]'.</msg>
<arg>//*[@id="user-name"]</arg>
<arg>Pragya</arg>
<doc>Types the given ``text`` into the text field identified by ``locator``.</doc>
<status status="PASS" start="2025-05-19T15:22:37.540884" elapsed="0.107647"/>
</kw>
<kw name="Input Text" owner="SeleniumLibrary">
<msg time="2025-05-19T15:22:37.649011" level="INFO">Typing text 'secret_sauce' into text field '//*[@id="password"]'.</msg>
<arg>//*[@id="password"]</arg>
<arg>secret_sauce</arg>
<doc>Types the given ``text`` into the text field identified by ``locator``.</doc>
<status status="PASS" start="2025-05-19T15:22:37.648831" elapsed="0.075662"/>
</kw>
<kw name="Click Button" owner="SeleniumLibrary">
<msg time="2025-05-19T15:22:37.725428" level="INFO">Clicking button '//*[@id="login-button"]'.</msg>
<arg>//*[@id="login-button"]</arg>
<doc>Clicks the button identified by ``locator``.</doc>
<status status="PASS" start="2025-05-19T15:22:37.725119" elapsed="0.078579"/>
</kw>
<kw name="Sleep" owner="BuiltIn">
<msg time="2025-05-19T15:22:40.804457" level="INFO">Slept 3 seconds.</msg>
<arg>3s</arg>
<doc>Pauses the test executed for the given time.</doc>
<status status="PASS" start="2025-05-19T15:22:37.804047" elapsed="3.000510"/>
</kw>
<kw name="Element Text Should Be" owner="SeleniumLibrary">
<msg time="2025-05-19T15:22:40.805534" level="INFO">Verifying element 'css=.error-message-container' contains exact text 'Epic sadface: Username and password do not match any user in this service'.</msg>
<arg>css=.error-message-container</arg>
<arg>Epic sadface: Username and password do not match any user in this service</arg>
<doc>Verifies that element ``locator`` contains exact the text ``expected``.</doc>
<status status="PASS" start="2025-05-19T15:22:40.805123" elapsed="0.036721"/>
</kw>
<kw name="Sleep" owner="BuiltIn">
<msg time="2025-05-19T15:22:43.842618" level="INFO">Slept 3 seconds.</msg>
<arg>3s</arg>
<doc>Pauses the test executed for the given time.</doc>
<status status="PASS" start="2025-05-19T15:22:40.842193" elapsed="3.000534"/>
</kw>
<kw name="Close Browser" owner="SeleniumLibrary">
<doc>Closes the current browser.</doc>
<status status="PASS" start="2025-05-19T15:22:43.843016" elapsed="2.197904"/>
</kw>
<doc>Invalid Username Login test</doc>
<tag>Functional TC2</tag>
<status status="PASS" start="2025-05-19T15:22:33.290830" elapsed="12.750393"/>
</test>
<status status="PASS" start="2025-05-19T15:22:32.913309" elapsed="13.128846"/>
</suite>
<suite id="s1-s1-s2" name="TC3" source="C:\Users\PragyaSharma\PycharmProjects\PythonProject3\Tests\TC3.robot">
<test id="s1-s1-s2-t1" name="This is demoblaze first test case" line="9">
<kw name="Open Browser" owner="SeleniumLibrary">
<msg time="2025-05-19T15:22:46.047357" level="INFO">Opening browser 'Chrome' to base url 'https://www.automationexercise.com/'.</msg>
<arg>https://www.automationexercise.com/</arg>
<arg>Chrome</arg>
<doc>Opens a new browser instance to the optional ``url``.</doc>
<status status="PASS" start="2025-05-19T15:22:46.046984" elapsed="4.260340"/>
</kw>
<kw name="Maximize Browser Window" owner="SeleniumLibrary">
<doc>Maximizes current browser window.</doc>
<status status="PASS" start="2025-05-19T15:22:50.307758" elapsed="0.035040"/>
</kw>
<kw name="Set Selenium Speed" owner="SeleniumLibrary">
<arg>1s</arg>
<doc>Sets the delay that is waited after each Selenium command.</doc>
<status status="PASS" start="2025-05-19T15:22:50.343264" elapsed="0.000332"/>
</kw>
<kw name="Click Element" owner="SeleniumLibrary">
<msg time="2025-05-19T15:22:50.344025" level="INFO">Clicking element '//a[@href='/products']'.</msg>
<arg>//a[@href='/products']</arg>
<doc>Click the element identified by ``locator``.</doc>
<status status="PASS" start="2025-05-19T15:22:50.343847" elapsed="4.741307"/>
</kw>
<kw name="Execute Javascript" owner="SeleniumLibrary">
<msg time="2025-05-19T15:22:55.086046" level="INFO">Executing JavaScript:
window.scrollBy(0,300)
Without any arguments.</msg>
<arg>window.scrollBy(0,300)</arg>
<doc>Executes the given JavaScript code with possible arguments.</doc>
<status status="PASS" start="2025-05-19T15:22:55.085564" elapsed="1.012540"/>
</kw>
<kw name="Click Element" owner="SeleniumLibrary">
<msg time="2025-05-19T15:22:56.098639" level="INFO">Clicking element '//a[@href = '#Women']'.</msg>
<arg>//a[@href = '#Women']</arg>
<doc>Click the element identified by ``locator``.</doc>
<status status="PASS" start="2025-05-19T15:22:56.098475" elapsed="2.071232"/>
</kw>
<kw name="Click Element" owner="SeleniumLibrary">
<msg time="2025-05-19T15:22:58.170428" level="INFO">Clicking element '//a[@href='/category_products/7']'.</msg>
<arg>//a[@href='/category_products/7']</arg>
<doc>Click the element identified by ``locator``.</doc>
<status status="PASS" start="2025-05-19T15:22:58.170171" elapsed="4.065783"/>
</kw>
<kw name="Execute Javascript" owner="SeleniumLibrary">
<msg time="2025-05-19T15:23:02.237222" level="INFO">Executing JavaScript:
window.scrollBy(0,500)
Without any arguments.</msg>
<arg>window.scrollBy(0,500)</arg>
<doc>Executes the given JavaScript code with possible arguments.</doc>
<status status="PASS" start="2025-05-19T15:23:02.236529" elapsed="1.030484"/>
</kw>
<kw name="Click Element" owner="SeleniumLibrary">
<msg time="2025-05-19T15:23:03.267595" level="INFO">Clicking element '//a[@data-product-id='41']'.</msg>
<arg>//a[@data-product-id='41']</arg>
<doc>Click the element identified by ``locator``.</doc>
<status status="PASS" start="2025-05-19T15:23:03.267421" elapsed="2.071377"/>
</kw>
<kw name="Wait Until Element Is Visible" owner="SeleniumLibrary">
<arg>//div[@id='cartModal']</arg>
<arg>10s</arg>
<doc>Waits until the element ``locator`` is visible.</doc>
<status status="PASS" start="2025-05-19T15:23:05.339471" elapsed="2.037242"/>
</kw>
<kw name="Click Button" owner="SeleniumLibrary">
<msg time="2025-05-19T15:23:07.377176" level="INFO">Clicking button '//button[@class='btn btn-success close-modal btn-block']'.</msg>
<arg>//button[@class='btn btn-success close-modal btn-block']</arg>
<doc>Clicks the button identified by ``locator``.</doc>
<status status="PASS" start="2025-05-19T15:23:07.377014" elapsed="5.079967"/>
</kw>
<kw name="Click Element" owner="SeleniumLibrary">
<msg time="2025-05-19T15:23:12.458022" level="INFO">Clicking element '//a[@href='/view_cart']'.</msg>
<arg>//a[@href='/view_cart']</arg>
<doc>Click the element identified by ``locator``.</doc>
<status status="PASS" start="2025-05-19T15:23:12.457644" elapsed="3.730757"/>
</kw>
<kw name="Execute Javascript" owner="SeleniumLibrary">
<msg time="2025-05-19T15:23:16.189156" level="INFO">Executing JavaScript:
window.scrollBy(0,500)
Without any arguments.</msg>
<arg>window.scrollBy(0,500)</arg>
<doc>Executes the given JavaScript code with possible arguments.</doc>
<status status="PASS" start="2025-05-19T15:23:16.188806" elapsed="1.016276"/>
</kw>
<kw name="Click Link" owner="SeleniumLibrary">
<msg time="2025-05-19T15:23:17.206123" level="INFO">Clicking link 'Beautiful Peacock Blue Cotton Linen Saree'.</msg>
<arg>Beautiful Peacock Blue Cotton Linen Saree</arg>
<doc>Clicks a link identified by ``locator``.</doc>
<status status="PASS" start="2025-05-19T15:23:17.205795" elapsed="4.295914"/>
</kw>
<kw name="Execute Javascript" owner="SeleniumLibrary">
<msg time="2025-05-19T15:23:21.502502" level="INFO">Executing JavaScript:
window.scrollBy(0,500)
Without any arguments.</msg>
<arg>window.scrollBy(0,500)</arg>
<doc>Executes the given JavaScript code with possible arguments.</doc>
<status status="PASS" start="2025-05-19T15:23:21.502082" elapsed="1.011574"/>
</kw>
<kw name="Click Element" owner="SeleniumLibrary">
<msg time="2025-05-19T15:23:22.514405" level="INFO">Clicking element '//input[@id='name']'.</msg>
<arg>//input[@id='name']</arg>
<doc>Click the element identified by ``locator``.</doc>
<status status="PASS" start="2025-05-19T15:23:22.514194" elapsed="2.060869"/>
</kw>
<kw name="Input Text" owner="SeleniumLibrary">
<msg time="2025-05-19T15:23:24.575560" level="INFO">Typing text 'Pragya' into text field '//input[@id='name']'.</msg>
<arg>//input[@id='name']</arg>
<arg>Pragya</arg>
<doc>Types the given ``text`` into the text field identified by ``locator``.</doc>
<status status="PASS" start="2025-05-19T15:23:24.575375" elapsed="3.068384"/>
</kw>
<kw name="Click Element" owner="SeleniumLibrary">
<msg time="2025-05-19T15:23:27.644440" level="INFO">Clicking element '//input[@id='email']'.</msg>
<arg>//input[@id='email']</arg>
<doc>Click the element identified by ``locator``.</doc>
<status status="PASS" start="2025-05-19T15:23:27.644283" elapsed="2.055180"/>
</kw>
<kw name="Input Text" owner="SeleniumLibrary">
<msg time="2025-05-19T15:23:29.700078" level="INFO">Typing text 'abc@gmail.com' into text field '//input[@id='email']'.</msg>
<arg>//input[@id='email']</arg>
<arg>abc@gmail.com</arg>
<doc>Types the given ``text`` into the text field identified by ``locator``.</doc>
<status status="PASS" start="2025-05-19T15:23:29.699878" elapsed="3.100938"/>
</kw>
<kw name="Click Element" owner="SeleniumLibrary">
<msg time="2025-05-19T15:23:32.801760" level="INFO">Clicking element '//textarea[@id='review']'.</msg>
<arg>//textarea[@id='review']</arg>
<doc>Click the element identified by ``locator``.</doc>
<status status="PASS" start="2025-05-19T15:23:32.801442" elapsed="2.053565"/>
</kw>
<kw name="Input Text" owner="SeleniumLibrary">
<msg time="2025-05-19T15:23:34.856072" level="INFO">Typing text 'This is to test GIT second commit changes' into text field '//textarea[@id='review']'.</msg>
<arg>//textarea[@id='review']</arg>
<arg>This is to test GIT second commit changes</arg>
<doc>Types the given ``text`` into the text field identified by ``locator``.</doc>
<status status="PASS" start="2025-05-19T15:23:34.855586" elapsed="3.097704"/>
</kw>
<doc>Successful Login</doc>
<tag>Functional TC3</tag>
<status status="PASS" start="2025-05-19T15:22:46.046592" elapsed="51.907017"/>
</test>
<doc>Successful login</doc>
<status status="PASS" start="2025-05-19T15:22:46.043549" elapsed="51.910561"/>
</suite>
<suite id="s1-s1-s3" name="Test1" source="C:\Users\PragyaSharma\PycharmProjects\PythonProject3\Tests\Test1.robot">
<test id="s1-s1-s3-t1" name="This is SauceLab URL test case" line="9">
<kw name="Open Browser" owner="SeleniumLibrary">
<msg time="2025-05-19T15:23:37.960898" level="INFO">Opening browser 'Chrome' to base url 'https://www.saucedemo.com/'.</msg>
<arg>https://www.saucedemo.com/</arg>
<arg>Chrome</arg>
<doc>Opens a new browser instance to the optional ``url``.</doc>
<status status="PASS" start="2025-05-19T15:23:37.960723" elapsed="3.331119"/>
</kw>
<kw name="Close Browser" owner="SeleniumLibrary">
<doc>Closes the current browser.</doc>
<status status="PASS" start="2025-05-19T15:23:41.292155" elapsed="3.070128"/>
</kw>
<doc>URL test</doc>
<tag>Functional</tag>
<status status="PASS" start="2025-05-19T15:23:37.959844" elapsed="6.402822"/>
</test>
<status status="PASS" start="2025-05-19T15:23:37.955151" elapsed="6.408278"/>
</suite>
<status status="PASS" start="2025-05-19T15:22:32.911550" elapsed="71.452580"/>
</suite>
<status status="PASS" start="2025-05-19T15:22:32.875120" elapsed="71.489844"/>
</suite>
<statistics>
<total>
<stat pass="3" fail="0" skip="0">All Tests</stat>
</total>
<tag>
<stat pass="1" fail="0" skip="0">Functional</stat>
<stat pass="1" fail="0" skip="0">Functional TC2</stat>
<stat pass="1" fail="0" skip="0">Functional TC3</stat>
</tag>
<suite>
<stat name="PythonProject3" id="s1" pass="3" fail="0" skip="0">PythonProject3</stat>
<stat name="Tests" id="s1-s1" pass="3" fail="0" skip="0">PythonProject3.Tests</stat>
<stat name="TC2" id="s1-s1-s1" pass="1" fail="0" skip="0">PythonProject3.Tests.TC2</stat>
<stat name="TC3" id="s1-s1-s2" pass="1" fail="0" skip="0">PythonProject3.Tests.TC3</stat>
<stat name="Test1" id="s1-s1-s3" pass="1" fail="0" skip="0">PythonProject3.Tests.Test1</stat>
</suite>
</statistics>
<errors>
</errors>
</robot>
